<?xml version="1.0" encoding="UTF-8"?>
<testng-results skipped="0" failed="0" ignored="0" total="1" passed="1">
  <reporter-output>
  </reporter-output>
  <suite name="Default suite" duration-ms="24293" started-at="2017-09-26T09:19:58Z" finished-at="2017-09-26T09:20:23Z">
    <groups>
    </groups>
    <test name="Default test" duration-ms="24293" started-at="2017-09-26T09:19:58Z" finished-at="2017-09-26T09:20:23Z">
      <class name="test_drcom_hub1.guru99_bank.TestCase_NC32">
        <test-method status="PASS" signature="openWebsite()[pri:0, instance:test_drcom_hub1.guru99_bank.TestCase_NC32@6574b225]" name="openWebsite" is-config="true" duration-ms="4948" started-at="2017-09-26T16:19:58Z" finished-at="2017-09-26T16:20:03Z">
          <reporter-output>
          </reporter-output>
        </test-method> <!-- openWebsite -->
        <test-method status="PASS" signature="checkCustomerIsNotAddedTwice()[pri:0, instance:test_drcom_hub1.guru99_bank.TestCase_NC32@6574b225]" name="checkCustomerIsNotAddedTwice" duration-ms="16157" started-at="2017-09-26T16:20:03Z" finished-at="2017-09-26T16:20:19Z">
          <reporter-output>
          </reporter-output>
        </test-method> <!-- checkCustomerIsNotAddedTwice -->
        <test-method status="PASS" signature="closeWebsite()[pri:0, instance:test_drcom_hub1.guru99_bank.TestCase_NC32@6574b225]" name="closeWebsite" is-config="true" duration-ms="3166" started-at="2017-09-26T16:20:19Z" finished-at="2017-09-26T16:20:23Z">
          <reporter-output>
          </reporter-output>
        </test-method> <!-- closeWebsite -->
      </class> <!-- test_drcom_hub1.guru99_bank.TestCase_NC32 -->
    </test> <!-- Default test -->
  </suite> <!-- Default suite -->
</testng-results>
